c:\users\tobyg_exfbb90\source\repos\game\game\x64\debug\vc143.pdb
c:\users\tobyg_exfbb90\source\repos\game\game\x64\debug\vc143.idb
c:\users\tobyg_exfbb90\source\repos\game\game\x64\debug\object.obj
c:\users\tobyg_exfbb90\source\repos\game\game\x64\debug\mainmenu.obj
c:\users\tobyg_exfbb90\source\repos\game\game\x64\debug\main.obj
c:\users\tobyg_exfbb90\source\repos\game\game\x64\debug\game.obj
c:\users\tobyg_exfbb90\source\repos\game\game\x64\debug\entity.obj
c:\users\tobyg_exfbb90\source\repos\game\game\x64\debug\audio.obj
c:\users\tobyg_exfbb90\source\repos\game\game\x64\debug\texturemanager.obj
c:\users\tobyg_exfbb90\source\repos\game\game\x64\debug\tilemap.obj
c:\users\tobyg_exfbb90\source\repos\game\game\x64\debug\tile.obj
c:\users\tobyg_exfbb90\source\repos\game\x64\debug\game.exe
c:\users\tobyg_exfbb90\source\repos\game\game\x64\debug\game.ilk
c:\users\tobyg_exfbb90\source\repos\game\x64\debug\game.pdb
c:\users\tobyg_exfbb90\source\repos\game\game\x64\debug\game.res
c:\users\tobyg_exfbb90\source\repos\game\game\x64\debug\coin.obj
c:\users\tobyg_exfbb90\source\repos\game\game\x64\debug\player.obj
c:\users\tobyg_exfbb90\source\repos\game\game\x64\debug\game.obj.enc
c:\users\tobyg_exfbb90\source\repos\game\game\x64\debug\main.obj.enc
c:\users\tobyg_exfbb90\source\repos\game\game\x64\debug\player.obj.enc
c:\users\tobyg_exfbb90\source\repos\game\game\x64\debug\game.tlog\cl.command.1.tlog
c:\users\tobyg_exfbb90\source\repos\game\game\x64\debug\game.tlog\cl.items.tlog
c:\users\tobyg_exfbb90\source\repos\game\game\x64\debug\game.tlog\cl.read.1.tlog
c:\users\tobyg_exfbb90\source\repos\game\game\x64\debug\game.tlog\cl.write.1.tlog
c:\users\tobyg_exfbb90\source\repos\game\game\x64\debug\game.tlog\link.command.1.tlog
c:\users\tobyg_exfbb90\source\repos\game\game\x64\debug\game.tlog\link.read.1.tlog
c:\users\tobyg_exfbb90\source\repos\game\game\x64\debug\game.tlog\link.write.1.tlog
c:\users\tobyg_exfbb90\source\repos\game\game\x64\debug\game.tlog\rc.command.1.tlog
c:\users\tobyg_exfbb90\source\repos\game\game\x64\debug\game.tlog\rc.read.1.tlog
c:\users\tobyg_exfbb90\source\repos\game\game\x64\debug\game.tlog\rc.write.1.tlog
